[18:37:12] [Render thread/INFO]: Environment: authHost='https://authserver.mojang.com', accountsHost='https://api.mojang.com', sessionHost='https://sessionserver.mojang.com', servicesHost='https://api.minecraftservices.com', name='PROD'
[18:37:13] [Render thread/ERROR]: Failed to verify authentication
com.mojang.authlib.exceptions.InvalidCredentialsException: Status: 401
	at com.mojang.authlib.exceptions.MinecraftClientHttpException.toAuthenticationException(MinecraftClientHttpException.java:56) ~[authlib-2.3.31.jar:?]
	at com.mojang.authlib.yggdrasil.YggdrasilSocialInteractionsService.checkPrivileges(YggdrasilSocialInteractionsService.java:112) ~[authlib-2.3.31.jar:?]
	at com.mojang.authlib.yggdrasil.YggdrasilSocialInteractionsService.<init>(YggdrasilSocialInteractionsService.java:42) ~[authlib-2.3.31.jar:?]
	at com.mojang.authlib.yggdrasil.YggdrasilAuthenticationService.createSocialInteractionsService(YggdrasilAuthenticationService.java:151) ~[authlib-2.3.31.jar:?]
	at net.minecraft.client.Minecraft.createSocialInteractions(Minecraft.java:590) [main/:?]
	at net.minecraft.client.Minecraft.<init>(Minecraft.java:404) [main/:?]
	at net.minecraft.client.main.Main.main(Main.java:151) [main/:?]
Caused by: com.mojang.authlib.exceptions.MinecraftClientHttpException: Status: 401
	at com.mojang.authlib.minecraft.client.MinecraftClient.readInputStream(MinecraftClient.java:77) ~[authlib-2.3.31.jar:?]
	at com.mojang.authlib.minecraft.client.MinecraftClient.get(MinecraftClient.java:47) ~[authlib-2.3.31.jar:?]
	at com.mojang.authlib.yggdrasil.YggdrasilSocialInteractionsService.checkPrivileges(YggdrasilSocialInteractionsService.java:104) ~[authlib-2.3.31.jar:?]
	... 5 more
[18:37:13] [Render thread/INFO]: Setting user: Player647
[18:37:14] [Render thread/INFO]: Backend library: LWJGL version 3.2.2 build 10
[18:37:15] [Render thread/WARN]: ERROR : Couldn't load Narrator library : libflite.so.1: cannot open shared object file: No such file or directory
[18:37:16] [Render thread/INFO]: Reloading ResourceManager: Default
[18:37:16] [Realms Notification Availability checker #1/INFO]: Could not authorize you against Realms server: Invalid session id
[18:37:23] [Render thread/ERROR]: Error starting SoundSystem. Turning off sounds & music
java.lang.IllegalStateException: Failed to open OpenAL device
	at com.mojang.blaze3d.audio.Library.tryOpenDevice(Library.java:149) ~[main/:?]
	at com.mojang.blaze3d.audio.Library.init(Library.java:54) ~[main/:?]
	at net.minecraft.client.sounds.SoundEngine.loadLibrary(SoundEngine.java:91) ~[main/:?]
	at net.minecraft.client.sounds.SoundEngine.reload(SoundEngine.java:85) ~[main/:?]
	at net.minecraft.client.sounds.SoundManager.apply(SoundManager.java:146) ~[main/:?]
	at net.minecraft.client.sounds.SoundManager.apply(SoundManager.java:40) ~[main/:?]
	at net.minecraft.server.packs.resources.SimplePreparableReloadListener.lambda$reload$1(SimplePreparableReloadListener.java:12) ~[main/:?]
	at java.util.concurrent.CompletableFuture$UniAccept.tryFire(CompletableFuture.java:718) ~[?:?]
	at java.util.concurrent.CompletableFuture$Completion.run(CompletableFuture.java:482) ~[?:?]
	at net.minecraft.server.packs.resources.SimpleReloadInstance.lambda$new$3(SimpleReloadInstance.java:67) ~[main/:?]
	at net.minecraft.util.thread.BlockableEventLoop.execute(BlockableEventLoop.java:90) ~[main/:?]
	at net.minecraft.server.packs.resources.SimpleReloadInstance.lambda$new$4(SimpleReloadInstance.java:66) ~[main/:?]
	at java.util.concurrent.CompletableFuture$UniCompletion.claim(CompletableFuture.java:572) ~[?:?]
	at java.util.concurrent.CompletableFuture$UniAccept.tryFire(CompletableFuture.java:714) ~[?:?]
	at java.util.concurrent.CompletableFuture.postComplete(CompletableFuture.java:510) ~[?:?]
	at java.util.concurrent.CompletableFuture.postFire(CompletableFuture.java:614) ~[?:?]
	at java.util.concurrent.CompletableFuture$UniAccept.tryFire(CompletableFuture.java:726) ~[?:?]
	at java.util.concurrent.CompletableFuture$Completion.run(CompletableFuture.java:482) ~[?:?]
	at com.mojang.blaze3d.systems.RenderSystem.replayQueue(RenderSystem.java:147) [main/:?]
	at com.mojang.blaze3d.systems.RenderSystem.flipFrame(RenderSystem.java:136) [main/:?]
	at com.mojang.blaze3d.platform.Window.updateDisplay(Window.java:332) [main/:?]
	at net.minecraft.client.Minecraft.runTick(Minecraft.java:1043) [main/:?]
	at net.minecraft.client.Minecraft.run(Minecraft.java:648) [main/:?]
	at net.minecraft.client.main.Main.main(Main.java:186) [main/:?]
[18:37:24] [Render thread/INFO]: Created: 1024x1024x4 minecraft:textures/atlas/blocks.png-atlas
[18:37:24] [Render thread/INFO]: Created: 256x128x4 minecraft:textures/atlas/signs.png-atlas
[18:37:24] [Render thread/INFO]: Created: 1024x512x4 minecraft:textures/atlas/banner_patterns.png-atlas
[18:37:24] [Render thread/INFO]: Created: 1024x512x4 minecraft:textures/atlas/shield_patterns.png-atlas
[18:37:24] [Render thread/INFO]: Created: 256x256x4 minecraft:textures/atlas/chest.png-atlas
[18:37:24] [Render thread/INFO]: Created: 512x256x4 minecraft:textures/atlas/beds.png-atlas
[18:37:24] [Render thread/INFO]: Created: 512x256x4 minecraft:textures/atlas/shulker_boxes.png-atlas
[18:37:26] [Render thread/INFO]: Created: 256x256x0 minecraft:textures/atlas/particles.png-atlas
[18:37:26] [Render thread/INFO]: Created: 256x256x0 minecraft:textures/atlas/paintings.png-atlas
[18:37:26] [Render thread/INFO]: Created: 256x128x0 minecraft:textures/atlas/mob_effects.png-atlas
[18:38:17] [Render thread/WARN]: Ambiguity between arguments [teleport, location] and [teleport, destination] with inputs: [0.1 -0.5 .9, 0 0 0]
[18:38:17] [Render thread/WARN]: Ambiguity between arguments [teleport, location] and [teleport, targets] with inputs: [0.1 -0.5 .9, 0 0 0]
[18:38:17] [Render thread/WARN]: Ambiguity between arguments [teleport, destination] and [teleport, targets] with inputs: [Player, 0123, @e, dd12be42-52a9-4a91-a8a1-11c01849e498]
[18:38:17] [Render thread/WARN]: Ambiguity between arguments [teleport, targets] and [teleport, destination] with inputs: [Player, 0123, dd12be42-52a9-4a91-a8a1-11c01849e498]
[18:38:17] [Render thread/WARN]: Ambiguity between arguments [teleport, targets, location] and [teleport, targets, destination] with inputs: [0.1 -0.5 .9, 0 0 0]
[18:38:17] [Render thread/INFO]: Reloading ResourceManager: Default
[18:38:17] [Render thread/INFO]: Loaded 7 recipes
[18:38:17] [Render thread/INFO]: Loaded 1137 advancements
[18:38:19] [Render thread/INFO]: Environment: authHost='https://authserver.mojang.com', accountsHost='https://api.mojang.com', sessionHost='https://sessionserver.mojang.com', servicesHost='https://api.minecraftservices.com', name='PROD'
[18:38:19] [Server thread/INFO]: Starting integrated minecraft server version 1.17.1
[18:38:19] [Server thread/INFO]: Generating keypair
[18:38:24] [Server thread/INFO]: Preparing start region for dimension minecraft:overworld
[18:38:24] [Render thread/INFO]: Preparing spawn area: 0%
[18:38:24] [Render thread/INFO]: Preparing spawn area: 0%
[18:38:25] [Render thread/INFO]: Preparing spawn area: 0%
[18:38:25] [Render thread/INFO]: Preparing spawn area: 0%
[18:38:26] [Render thread/INFO]: Preparing spawn area: 1%
[18:38:26] [Render thread/INFO]: Preparing spawn area: 2%
[18:38:27] [Render thread/INFO]: Preparing spawn area: 4%
[18:38:27] [Render thread/INFO]: Preparing spawn area: 5%
[18:38:28] [Render thread/INFO]: Preparing spawn area: 5%
[18:38:28] [Render thread/INFO]: Preparing spawn area: 5%
[18:38:29] [Render thread/INFO]: Preparing spawn area: 9%
[18:38:29] [Render thread/INFO]: Preparing spawn area: 9%
[18:38:30] [Render thread/INFO]: Preparing spawn area: 9%
[18:38:30] [Render thread/INFO]: Preparing spawn area: 13%
[18:38:31] [Render thread/INFO]: Preparing spawn area: 13%
[18:38:31] [Render thread/INFO]: Preparing spawn area: 13%
[18:38:32] [Render thread/INFO]: Preparing spawn area: 13%
[18:38:32] [Render thread/INFO]: Preparing spawn area: 15%
[18:38:33] [Render thread/INFO]: Preparing spawn area: 16%
[18:38:33] [Render thread/INFO]: Preparing spawn area: 17%
[18:38:34] [Render thread/INFO]: Preparing spawn area: 21%
[18:38:34] [Render thread/INFO]: Preparing spawn area: 22%
[18:38:35] [Render thread/INFO]: Preparing spawn area: 22%
[18:38:35] [Render thread/INFO]: Preparing spawn area: 27%
[18:38:36] [Render thread/INFO]: Preparing spawn area: 31%
[18:38:36] [Render thread/INFO]: Preparing spawn area: 33%
[18:38:37] [Render thread/INFO]: Preparing spawn area: 36%
[18:38:37] [Render thread/INFO]: Preparing spawn area: 38%
[18:38:38] [Render thread/INFO]: Preparing spawn area: 38%
[18:38:38] [Render thread/INFO]: Preparing spawn area: 43%
[18:38:39] [Render thread/INFO]: Preparing spawn area: 43%
[18:38:39] [Render thread/INFO]: Preparing spawn area: 43%
[18:38:40] [Render thread/INFO]: Preparing spawn area: 51%
[18:38:40] [Render thread/INFO]: Preparing spawn area: 52%
[18:38:41] [Render thread/INFO]: Preparing spawn area: 56%
[18:38:41] [Render thread/INFO]: Preparing spawn area: 57%
[18:38:43] [Render thread/INFO]: Preparing spawn area: 66%
[18:38:43] [Render thread/INFO]: Preparing spawn area: 66%
[18:38:43] [Render thread/INFO]: Preparing spawn area: 66%
[18:38:43] [Render thread/INFO]: Preparing spawn area: 75%
[18:38:44] [Render thread/INFO]: Preparing spawn area: 81%
[18:38:44] [Render thread/INFO]: Preparing spawn area: 86%
[18:38:45] [Render thread/INFO]: Preparing spawn area: 91%
[18:38:45] [Render thread/INFO]: Preparing spawn area: 97%
[18:38:45] [Render thread/INFO]: Time elapsed: 21685 ms
[18:38:45] [Server thread/INFO]: Changing view distance to 11, from 10
[18:38:46] [Server thread/INFO]: Player647[local:E:064d4128] logged in with entity id 287 at (87.5, 65.0, 153.5)
[18:38:46] [Server thread/INFO]: Player647 joined the game
[18:38:47] [Server thread/INFO]: Saving and pausing game...
[18:38:47] [Server thread/INFO]: Saving chunks for level 'ServerLevel[New World]'/minecraft:overworld
[18:38:47] [Render thread/INFO]: Loaded 0 advancements
[18:38:48] [Server thread/INFO]: Saving chunks for level 'ServerLevel[New World]'/minecraft:the_nether
[18:38:48] [Server thread/INFO]: Saving chunks for level 'ServerLevel[New World]'/minecraft:the_end
[18:38:48] [Server thread/WARN]: Can't keep up! Is the server overloaded? Running 2457ms or 49 ticks behind
[18:39:06] [Server thread/INFO]: Saving and pausing game...
[18:39:06] [Server thread/INFO]: Saving chunks for level 'ServerLevel[New World]'/minecraft:overworld
[18:39:06] [Server thread/INFO]: Saving chunks for level 'ServerLevel[New World]'/minecraft:the_nether
[18:39:06] [Server thread/INFO]: Saving chunks for level 'ServerLevel[New World]'/minecraft:the_end
[18:40:03] [Server thread/INFO]: [Player647: Gave 1 [Command Block] to Player647]
[18:40:03] [Render thread/INFO]: [CHAT] Gave 1 [Command Block] to Player647
[18:40:11] [Server thread/INFO]: Saving and pausing game...
[18:40:11] [Server thread/INFO]: Saving chunks for level 'ServerLevel[New World]'/minecraft:overworld
[18:40:11] [Server thread/INFO]: Saving chunks for level 'ServerLevel[New World]'/minecraft:the_nether
[18:40:11] [Server thread/INFO]: Saving chunks for level 'ServerLevel[New World]'/minecraft:the_end
[18:40:25] [Render thread/INFO]: [CHAT] Command set: seed
[18:40:29] [Server thread/INFO]: Saving and pausing game...
[18:40:29] [Server thread/INFO]: Saving chunks for level 'ServerLevel[New World]'/minecraft:overworld
[18:40:29] [Server thread/INFO]: Saving chunks for level 'ServerLevel[New World]'/minecraft:the_nether
[18:40:29] [Server thread/INFO]: Saving chunks for level 'ServerLevel[New World]'/minecraft:the_end
[18:40:32] [Render thread/INFO]: [CHAT] Command set: seed
[18:40:40] [Server thread/INFO]: Saving and pausing game...
[18:40:40] [Server thread/INFO]: Saving chunks for level 'ServerLevel[New World]'/minecraft:overworld
[18:40:40] [Server thread/INFO]: Saving chunks for level 'ServerLevel[New World]'/minecraft:the_nether
[18:40:40] [Server thread/INFO]: Saving chunks for level 'ServerLevel[New World]'/minecraft:the_end
[18:41:50] [Render thread/INFO]: [CHAT] Command set: tp @p 12550821 ~ ~
[18:42:18] [Server thread/INFO]: Saving and pausing game...
[18:42:18] [Server thread/INFO]: Saving chunks for level 'ServerLevel[New World]'/minecraft:overworld
[18:42:18] [Server thread/INFO]: Saving chunks for level 'ServerLevel[New World]'/minecraft:the_nether
[18:42:18] [Server thread/INFO]: Saving chunks for level 'ServerLevel[New World]'/minecraft:the_end
[18:42:35] [Render thread/INFO]: [CHAT] Command set: tp @p 12550821 ~ ~
[18:42:49] [Render thread/INFO]: Loaded 9 advancements
[18:43:24] [Server thread/INFO]: [@: Teleported Player647 to 12550821.500000, 70.500000, 132.500000]
[18:43:24] [Render thread/INFO]: [CHAT] [@: Teleported Player647 to 12550821.500000, 70.500000, 132.500000]
[18:43:26] [Render thread/INFO]: Loaded 15 advancements
[18:44:24] [Render thread/INFO]: [CHAT] Invalid position for teleport
[18:44:37] [Server thread/INFO]: Saving and pausing game...
[18:44:37] [Server thread/INFO]: Saving chunks for level 'ServerLevel[New World]'/minecraft:overworld
[18:44:39] [Server thread/INFO]: Saving chunks for level 'ServerLevel[New World]'/minecraft:the_nether
[18:44:39] [Server thread/INFO]: Saving chunks for level 'ServerLevel[New World]'/minecraft:the_end
[18:44:39] [Server thread/INFO]: Player647 lost connection: Disconnected
[18:44:39] [Server thread/INFO]: Player647 left the game
[18:44:39] [Server thread/INFO]: Stopping singleplayer server as player logged out
[18:44:39] [Server thread/INFO]: Stopping server
[18:44:39] [Server thread/INFO]: Saving players
[18:44:39] [Server thread/INFO]: Saving worlds
[18:44:39] [Server thread/INFO]: Saving chunks for level 'ServerLevel[New World]'/minecraft:overworld
[18:44:40] [Server thread/INFO]: Saving chunks for level 'ServerLevel[New World]'/minecraft:the_nether
[18:44:40] [Server thread/INFO]: Saving chunks for level 'ServerLevel[New World]'/minecraft:the_end
[18:44:40] [Server thread/INFO]: ThreadedAnvilChunkStorage (New World): All chunks are saved
[18:44:40] [Server thread/INFO]: ThreadedAnvilChunkStorage (DIM-1): All chunks are saved
[18:44:40] [Server thread/INFO]: ThreadedAnvilChunkStorage (DIM1): All chunks are saved
[18:44:40] [Server thread/INFO]: ThreadedAnvilChunkStorage: All dimensions are saved
[18:44:43] [Render thread/INFO]: Stopping!
